[INFO] Error stacktraces are turned on.
[INFO] Scanning for projects...
[INFO] Downloading: http://kinshipsoftware.github.io/VersionControlCheck/org/apache/maven/plugins/maven-help-plugin/2.2/maven-help-plugin-2.2.pom
[INFO] Downloading: https://repo.maven.apache.org/maven2/org/apache/maven/plugins/maven-help-plugin/2.2/maven-help-plugin-2.2.pom
[INFO] Downloaded: https://repo.maven.apache.org/maven2/org/apache/maven/plugins/maven-help-plugin/2.2/maven-help-plugin-2.2.pom (9 KB at 17.9 KB/sec)
[INFO] Downloading: http://kinshipsoftware.github.io/VersionControlCheck/org/apache/maven/plugins/maven-help-plugin/2.2/maven-help-plugin-2.2.jar
[INFO] Downloading: https://repo.maven.apache.org/maven2/org/apache/maven/plugins/maven-help-plugin/2.2/maven-help-plugin-2.2.jar
[INFO] Downloaded: https://repo.maven.apache.org/maven2/org/apache/maven/plugins/maven-help-plugin/2.2/maven-help-plugin-2.2.jar (67 KB at 712.2 KB/sec)
[INFO] Downloading: http://kinshipsoftware.github.io/VersionControlCheck/org/apache/tomcat/maven/tomcat7-maven-plugin/2.2/tomcat7-maven-plugin-2.2.pom
[INFO] Downloading: https://repo.maven.apache.org/maven2/org/apache/tomcat/maven/tomcat7-maven-plugin/2.2/tomcat7-maven-plugin-2.2.pom
[INFO] Downloaded: https://repo.maven.apache.org/maven2/org/apache/tomcat/maven/tomcat7-maven-plugin/2.2/tomcat7-maven-plugin-2.2.pom (12 KB at 226.7 KB/sec)
[INFO] Downloading: http://kinshipsoftware.github.io/VersionControlCheck/org/apache/tomcat/maven/tomcat-maven-plugin/2.2/tomcat-maven-plugin-2.2.pom
[INFO] Downloading: https://repo.maven.apache.org/maven2/org/apache/tomcat/maven/tomcat-maven-plugin/2.2/tomcat-maven-plugin-2.2.pom
[INFO] Downloaded: https://repo.maven.apache.org/maven2/org/apache/tomcat/maven/tomcat-maven-plugin/2.2/tomcat-maven-plugin-2.2.pom (33 KB at 594.0 KB/sec)
[INFO] Downloading: http://kinshipsoftware.github.io/VersionControlCheck/org/apache/apache/12/apache-12.pom
[INFO] Downloading: https://repo.maven.apache.org/maven2/org/apache/apache/12/apache-12.pom
[INFO] Downloaded: https://repo.maven.apache.org/maven2/org/apache/apache/12/apache-12.pom (16 KB at 344.4 KB/sec)
[INFO] Downloading: http://kinshipsoftware.github.io/VersionControlCheck/org/apache/tomcat/maven/tomcat7-maven-plugin/2.2/tomcat7-maven-plugin-2.2.jar
[INFO] Downloading: https://repo.maven.apache.org/maven2/org/apache/tomcat/maven/tomcat7-maven-plugin/2.2/tomcat7-maven-plugin-2.2.jar
[INFO] Downloaded: https://repo.maven.apache.org/maven2/org/apache/tomcat/maven/tomcat7-maven-plugin/2.2/tomcat7-maven-plugin-2.2.jar (112 KB at 1596.8 KB/sec)
[INFO] Downloading: http://kinshipsoftware.github.io/VersionControlCheck/com/mycila/maven-license-plugin/maven-license-plugin/1.9.0/maven-license-plugin-1.9.0.pom
[INFO] Downloading: https://repo.maven.apache.org/maven2/com/mycila/maven-license-plugin/maven-license-plugin/1.9.0/maven-license-plugin-1.9.0.pom
[INFO] Downloaded: https://repo.maven.apache.org/maven2/com/mycila/maven-license-plugin/maven-license-plugin/1.9.0/maven-license-plugin-1.9.0.pom (11 KB at 230.2 KB/sec)
[INFO] Downloading: http://kinshipsoftware.github.io/VersionControlCheck/com/mycila/parent-pom/5/parent-pom-5.pom
[INFO] Downloading: https://repo.maven.apache.org/maven2/com/mycila/parent-pom/5/parent-pom-5.pom
[INFO] Downloaded: https://repo.maven.apache.org/maven2/com/mycila/parent-pom/5/parent-pom-5.pom (9 KB at 199.5 KB/sec)
[INFO] Downloading: http://kinshipsoftware.github.io/VersionControlCheck/com/mycila/maven-license-plugin/maven-license-plugin/1.9.0/maven-license-plugin-1.9.0.jar
[INFO] Downloading: https://repo.maven.apache.org/maven2/com/mycila/maven-license-plugin/maven-license-plugin/1.9.0/maven-license-plugin-1.9.0.jar
[INFO] Downloaded: https://repo.maven.apache.org/maven2/com/mycila/maven-license-plugin/maven-license-plugin/1.9.0/maven-license-plugin-1.9.0.jar (54 KB at 855.0 KB/sec)
[INFO] Downloading: http://kinshipsoftware.github.io/VersionControlCheck/org/apache/maven/plugins/maven-clean-plugin/2.6.1/maven-clean-plugin-2.6.1.pom
[INFO] Downloading: https://repo.maven.apache.org/maven2/org/apache/maven/plugins/maven-clean-plugin/2.6.1/maven-clean-plugin-2.6.1.pom
[INFO] Downloaded: https://repo.maven.apache.org/maven2/org/apache/maven/plugins/maven-clean-plugin/2.6.1/maven-clean-plugin-2.6.1.pom (5 KB at 115.5 KB/sec)
[INFO] Downloading: http://kinshipsoftware.github.io/VersionControlCheck/org/apache/maven/plugins/maven-plugins/26/maven-plugins-26.pom
[INFO] Downloading: https://repo.maven.apache.org/maven2/org/apache/maven/plugins/maven-plugins/26/maven-plugins-26.pom
[INFO] Downloaded: https://repo.maven.apache.org/maven2/org/apache/maven/plugins/maven-plugins/26/maven-plugins-26.pom (12 KB at 231.3 KB/sec)
[INFO] Downloading: http://kinshipsoftware.github.io/VersionControlCheck/org/apache/apache/15/apache-15.pom
[INFO] Downloading: https://repo.maven.apache.org/maven2/org/apache/apache/15/apache-15.pom
[INFO] Downloaded: https://repo.maven.apache.org/maven2/org/apache/apache/15/apache-15.pom (0 B at 0.0 KB/sec)
[INFO] Downloading: http://kinshipsoftware.github.io/VersionControlCheck/org/apache/maven/plugins/maven-clean-plugin/2.6.1/maven-clean-plugin-2.6.1.jar
[INFO] Downloading: https://repo.maven.apache.org/maven2/org/apache/maven/plugins/maven-clean-plugin/2.6.1/maven-clean-plugin-2.6.1.jar
[INFO] Downloaded: https://repo.maven.apache.org/maven2/org/apache/maven/plugins/maven-clean-plugin/2.6.1/maven-clean-plugin-2.6.1.jar (29 KB at 492.5 KB/sec)
[INFO] Downloading: http://kinshipsoftware.github.io/VersionControlCheck/org/apache/maven/plugins/maven-deploy-plugin/2.8.2/maven-deploy-plugin-2.8.2.pom
[INFO] Downloading: https://repo.maven.apache.org/maven2/org/apache/maven/plugins/maven-deploy-plugin/2.8.2/maven-deploy-plugin-2.8.2.pom
[INFO] Downloaded: https://repo.maven.apache.org/maven2/org/apache/maven/plugins/maven-deploy-plugin/2.8.2/maven-deploy-plugin-2.8.2.pom (7 KB at 145.2 KB/sec)
[INFO] Downloading: http://kinshipsoftware.github.io/VersionControlCheck/org/apache/maven/plugins/maven-deploy-plugin/2.8.2/maven-deploy-plugin-2.8.2.jar
[INFO] Downloading: https://repo.maven.apache.org/maven2/org/apache/maven/plugins/maven-deploy-plugin/2.8.2/maven-deploy-plugin-2.8.2.jar
[INFO] Downloaded: https://repo.maven.apache.org/maven2/org/apache/maven/plugins/maven-deploy-plugin/2.8.2/maven-deploy-plugin-2.8.2.jar (34 KB at 641.0 KB/sec)
[INFO] Downloading: http://kinshipsoftware.github.io/VersionControlCheck/org/apache/maven/plugins/maven-site-plugin/3.5.1/maven-site-plugin-3.5.1.pom
[INFO] Downloading: https://repo.maven.apache.org/maven2/org/apache/maven/plugins/maven-site-plugin/3.5.1/maven-site-plugin-3.5.1.pom
[INFO] Downloaded: https://repo.maven.apache.org/maven2/org/apache/maven/plugins/maven-site-plugin/3.5.1/maven-site-plugin-3.5.1.pom (18 KB at 407.6 KB/sec)
[INFO] Downloading: http://kinshipsoftware.github.io/VersionControlCheck/org/apache/maven/plugins/maven-plugins/28/maven-plugins-28.pom
[INFO] Downloading: https://repo.maven.apache.org/maven2/org/apache/maven/plugins/maven-plugins/28/maven-plugins-28.pom
[INFO] Downloaded: https://repo.maven.apache.org/maven2/org/apache/maven/plugins/maven-plugins/28/maven-plugins-28.pom (12 KB at 230.4 KB/sec)
[INFO] Downloading: http://kinshipsoftware.github.io/VersionControlCheck/org/apache/maven/maven-parent/27/maven-parent-27.pom
[INFO] Downloading: https://repo.maven.apache.org/maven2/org/apache/maven/maven-parent/27/maven-parent-27.pom
[INFO] Downloaded: https://repo.maven.apache.org/maven2/org/apache/maven/maven-parent/27/maven-parent-27.pom (40 KB at 685.4 KB/sec)
[INFO] Downloading: http://kinshipsoftware.github.io/VersionControlCheck/org/apache/apache/17/apache-17.pom
[INFO] Downloading: https://repo.maven.apache.org/maven2/org/apache/apache/17/apache-17.pom
[INFO] Downloaded: https://repo.maven.apache.org/maven2/org/apache/apache/17/apache-17.pom (16 KB at 340.9 KB/sec)
[INFO] Downloading: http://kinshipsoftware.github.io/VersionControlCheck/org/apache/maven/plugins/maven-site-plugin/3.5.1/maven-site-plugin-3.5.1.jar
[INFO] Downloading: https://repo.maven.apache.org/maven2/org/apache/maven/plugins/maven-site-plugin/3.5.1/maven-site-plugin-3.5.1.jar
[INFO] Downloaded: https://repo.maven.apache.org/maven2/org/apache/maven/plugins/maven-site-plugin/3.5.1/maven-site-plugin-3.5.1.jar (129 KB at 1760.8 KB/sec)
[INFO] Downloading: http://kinshipsoftware.github.io/VersionControlCheck/org/jooq/jooq-codegen-maven/3.8.4/jooq-codegen-maven-3.8.4.pom
[INFO] Downloading: https://repo.maven.apache.org/maven2/org/jooq/jooq-codegen-maven/3.8.4/jooq-codegen-maven-3.8.4.pom
[INFO] Downloaded: https://repo.maven.apache.org/maven2/org/jooq/jooq-codegen-maven/3.8.4/jooq-codegen-maven-3.8.4.pom (3 KB at 63.3 KB/sec)
[INFO] Downloading: http://kinshipsoftware.github.io/VersionControlCheck/org/jooq/jooq-parent/3.8.4/jooq-parent-3.8.4.pom
[INFO] Downloading: https://repo.maven.apache.org/maven2/org/jooq/jooq-parent/3.8.4/jooq-parent-3.8.4.pom
[INFO] Downloaded: https://repo.maven.apache.org/maven2/org/jooq/jooq-parent/3.8.4/jooq-parent-3.8.4.pom (10 KB at 189.0 KB/sec)
[INFO] Downloading: http://kinshipsoftware.github.io/VersionControlCheck/org/jooq/jooq-codegen-maven/3.8.4/jooq-codegen-maven-3.8.4.jar
[INFO] Downloading: https://repo.maven.apache.org/maven2/org/jooq/jooq-codegen-maven/3.8.4/jooq-codegen-maven-3.8.4.jar
[INFO] Downloaded: https://repo.maven.apache.org/maven2/org/jooq/jooq-codegen-maven/3.8.4/jooq-codegen-maven-3.8.4.jar (15 KB at 86.5 KB/sec)
[INFO] Downloading: http://kinshipsoftware.github.io/VersionControlCheck/org/apache/maven/plugins/maven-antrun-plugin/1.8/maven-antrun-plugin-1.8.pom
[INFO] Downloading: https://repo.maven.apache.org/maven2/org/apache/maven/plugins/maven-antrun-plugin/1.8/maven-antrun-plugin-1.8.pom
[INFO] Downloaded: https://repo.maven.apache.org/maven2/org/apache/maven/plugins/maven-antrun-plugin/1.8/maven-antrun-plugin-1.8.pom (4 KB at 75.3 KB/sec)
[INFO] Downloading: http://kinshipsoftware.github.io/VersionControlCheck/org/apache/maven/plugins/maven-antrun-plugin/1.8/maven-antrun-plugin-1.8.jar
[INFO] Downloading: https://repo.maven.apache.org/maven2/org/apache/maven/plugins/maven-antrun-plugin/1.8/maven-antrun-plugin-1.8.jar
[INFO] Downloaded: https://repo.maven.apache.org/maven2/org/apache/maven/plugins/maven-antrun-plugin/1.8/maven-antrun-plugin-1.8.jar (36 KB at 717.5 KB/sec)
[INFO] Downloading: http://kinshipsoftware.github.io/VersionControlCheck/org/apache/maven/plugins/maven-assembly-plugin/2.6/maven-assembly-plugin-2.6.pom
[INFO] Downloading: https://repo.maven.apache.org/maven2/org/apache/maven/plugins/maven-assembly-plugin/2.6/maven-assembly-plugin-2.6.pom
[INFO] Downloaded: https://repo.maven.apache.org/maven2/org/apache/maven/plugins/maven-assembly-plugin/2.6/maven-assembly-plugin-2.6.pom (17 KB at 342.6 KB/sec)
[INFO] Downloading: http://kinshipsoftware.github.io/VersionControlCheck/org/apache/maven/plugins/maven-assembly-plugin/2.6/maven-assembly-plugin-2.6.jar
[INFO] Downloading: https://repo.maven.apache.org/maven2/org/apache/maven/plugins/maven-assembly-plugin/2.6/maven-assembly-plugin-2.6.jar
[INFO] Downloaded: https://repo.maven.apache.org/maven2/org/apache/maven/plugins/maven-assembly-plugin/2.6/maven-assembly-plugin-2.6.jar (240 KB at 2579.8 KB/sec)
[INFO] Downloading: http://kinshipsoftware.github.io/VersionControlCheck/org/apache/maven/plugins/maven-compiler-plugin/3.1/maven-compiler-plugin-3.1.pom
[INFO] Downloading: https://repo.maven.apache.org/maven2/org/apache/maven/plugins/maven-compiler-plugin/3.1/maven-compiler-plugin-3.1.pom
[INFO] Downloaded: https://repo.maven.apache.org/maven2/org/apache/maven/plugins/maven-compiler-plugin/3.1/maven-compiler-plugin-3.1.pom (10 KB at 231.9 KB/sec)
[INFO] Downloading: http://kinshipsoftware.github.io/VersionControlCheck/org/apache/maven/plugins/maven-compiler-plugin/3.1/maven-compiler-plugin-3.1.jar
[INFO] Downloading: https://repo.maven.apache.org/maven2/org/apache/maven/plugins/maven-compiler-plugin/3.1/maven-compiler-plugin-3.1.jar
[INFO] Downloaded: https://repo.maven.apache.org/maven2/org/apache/maven/plugins/maven-compiler-plugin/3.1/maven-compiler-plugin-3.1.jar (42 KB at 873.8 KB/sec)
[INFO] Downloading: http://kinshipsoftware.github.io/VersionControlCheck/org/apache/maven/plugins/maven-dependency-plugin/2.10/maven-dependency-plugin-2.10.pom
[INFO] Downloading: https://repo.maven.apache.org/maven2/org/apache/maven/plugins/maven-dependency-plugin/2.10/maven-dependency-plugin-2.10.pom
[INFO] Downloaded: https://repo.maven.apache.org/maven2/org/apache/maven/plugins/maven-dependency-plugin/2.10/maven-dependency-plugin-2.10.pom (12 KB at 243.9 KB/sec)
[INFO] Downloading: http://kinshipsoftware.github.io/VersionControlCheck/org/apache/maven/plugins/maven-dependency-plugin/2.10/maven-dependency-plugin-2.10.jar
[INFO] Downloading: https://repo.maven.apache.org/maven2/org/apache/maven/plugins/maven-dependency-plugin/2.10/maven-dependency-plugin-2.10.jar
[INFO] Downloaded: https://repo.maven.apache.org/maven2/org/apache/maven/plugins/maven-dependency-plugin/2.10/maven-dependency-plugin-2.10.jar (157 KB at 1904.7 KB/sec)
[INFO]                                                                         
[INFO] ------------------------------------------------------------------------
[INFO] Building Adaptive Vocabulary Assessment 0.1-testing-SNAPSHOT
[INFO] ------------------------------------------------------------------------
[INFO] 
[INFO] --- maven-dependency-plugin:2.10:build-classpath (default-cli) @ adaptive-vocabulary-assessment-module ---
[INFO] Downloading: http://kinshipsoftware.github.io/VersionControlCheck/org/apache/maven/reporting/maven-reporting-impl/2.2/maven-reporting-impl-2.2.pom
[INFO] Downloading: https://repo.maven.apache.org/maven2/org/apache/maven/reporting/maven-reporting-impl/2.2/maven-reporting-impl-2.2.pom
[INFO] Downloaded: https://repo.maven.apache.org/maven2/org/apache/maven/reporting/maven-reporting-impl/2.2/maven-reporting-impl-2.2.pom (5 KB at 96.3 KB/sec)
[INFO] Downloading: http://kinshipsoftware.github.io/VersionControlCheck/org/apache/maven/doxia/doxia-sink-api/1.2/doxia-sink-api-1.2.pom
[INFO] Downloading: https://repo.maven.apache.org/maven2/org/apache/maven/doxia/doxia-sink-api/1.2/doxia-sink-api-1.2.pom
[INFO] Downloaded: https://repo.maven.apache.org/maven2/org/apache/maven/doxia/doxia-sink-api/1.2/doxia-sink-api-1.2.pom (2 KB at 37.2 KB/sec)
[INFO] Downloading: http://kinshipsoftware.github.io/VersionControlCheck/org/apache/maven/doxia/doxia/1.2/doxia-1.2.pom
[INFO] Downloading: https://repo.maven.apache.org/maven2/org/apache/maven/doxia/doxia/1.2/doxia-1.2.pom
[INFO] Downloaded: https://repo.maven.apache.org/maven2/org/apache/maven/doxia/doxia/1.2/doxia-1.2.pom (19 KB at 417.9 KB/sec)
[INFO] Downloading: http://kinshipsoftware.github.io/VersionControlCheck/org/apache/maven/maven-parent/19/maven-parent-19.pom
[INFO] Downloading: https://repo.maven.apache.org/maven2/org/apache/maven/maven-parent/19/maven-parent-19.pom
[INFO] Downloaded: https://repo.maven.apache.org/maven2/org/apache/maven/maven-parent/19/maven-parent-19.pom (25 KB at 530.9 KB/sec)
[INFO] Downloading: http://kinshipsoftware.github.io/VersionControlCheck/org/apache/maven/doxia/doxia-logging-api/1.2/doxia-logging-api-1.2.pom
[INFO] Downloading: https://repo.maven.apache.org/maven2/org/apache/maven/doxia/doxia-logging-api/1.2/doxia-logging-api-1.2.pom
[INFO] Downloaded: https://repo.maven.apache.org/maven2/org/apache/maven/doxia/doxia-logging-api/1.2/doxia-logging-api-1.2.pom (2 KB at 37.4 KB/sec)
[INFO] Downloading: http://kinshipsoftware.github.io/VersionControlCheck/org/apache/maven/doxia/doxia-core/1.2/doxia-core-1.2.pom
[INFO] Downloading: https://repo.maven.apache.org/maven2/org/apache/maven/doxia/doxia-core/1.2/doxia-core-1.2.pom
[INFO] Downloaded: https://repo.maven.apache.org/maven2/org/apache/maven/doxia/doxia-core/1.2/doxia-core-1.2.pom (4 KB at 77.2 KB/sec)
[INFO] Downloading: http://kinshipsoftware.github.io/VersionControlCheck/org/apache/maven/doxia/doxia-site-renderer/1.2/doxia-site-renderer-1.2.pom
[INFO] Downloading: https://repo.maven.apache.org/maven2/org/apache/maven/doxia/doxia-site-renderer/1.2/doxia-site-renderer-1.2.pom
[INFO] Downloaded: https://repo.maven.apache.org/maven2/org/apache/maven/doxia/doxia-site-renderer/1.2/doxia-site-renderer-1.2.pom (7 KB at 156.2 KB/sec)
[INFO] Downloading: http://kinshipsoftware.github.io/VersionControlCheck/org/apache/maven/doxia/doxia-sitetools/1.2/doxia-sitetools-1.2.pom
[INFO] Downloading: https://repo.maven.apache.org/maven2/org/apache/maven/doxia/doxia-sitetools/1.2/doxia-sitetools-1.2.pom
[INFO] Downloaded: https://repo.maven.apache.org/maven2/org/apache/maven/doxia/doxia-sitetools/1.2/doxia-sitetools-1.2.pom (16 KB at 364.8 KB/sec)
[INFO] Downloading: http://kinshipsoftware.github.io/VersionControlCheck/org/apache/maven/doxia/doxia-decoration-model/1.2/doxia-decoration-model-1.2.pom
[INFO] Downloading: https://repo.maven.apache.org/maven2/org/apache/maven/doxia/doxia-decoration-model/1.2/doxia-decoration-model-1.2.pom
[INFO] Downloaded: https://repo.maven.apache.org/maven2/org/apache/maven/doxia/doxia-decoration-model/1.2/doxia-decoration-model-1.2.pom (3 KB at 29.0 KB/sec)
[INFO] Downloading: http://kinshipsoftware.github.io/VersionControlCheck/org/apache/maven/doxia/doxia-module-xhtml/1.2/doxia-module-xhtml-1.2.pom
[INFO] Downloading: https://repo.maven.apache.org/maven2/org/apache/maven/doxia/doxia-module-xhtml/1.2/doxia-module-xhtml-1.2.pom
[INFO] Downloaded: https://repo.maven.apache.org/maven2/org/apache/maven/doxia/doxia-module-xhtml/1.2/doxia-module-xhtml-1.2.pom (2 KB at 43.0 KB/sec)
[INFO] Downloading: http://kinshipsoftware.github.io/VersionControlCheck/org/apache/maven/doxia/doxia-modules/1.2/doxia-modules-1.2.pom
[INFO] Downloading: https://repo.maven.apache.org/maven2/org/apache/maven/doxia/doxia-modules/1.2/doxia-modules-1.2.pom
[INFO] Downloaded: https://repo.maven.apache.org/maven2/org/apache/maven/doxia/doxia-modules/1.2/doxia-modules-1.2.pom (3 KB at 48.8 KB/sec)
[INFO] Downloading: http://kinshipsoftware.github.io/VersionControlCheck/org/apache/maven/doxia/doxia-module-fml/1.2/doxia-module-fml-1.2.pom
[INFO] Downloading: https://repo.maven.apache.org/maven2/org/apache/maven/doxia/doxia-module-fml/1.2/doxia-module-fml-1.2.pom
[INFO] Downloaded: https://repo.maven.apache.org/maven2/org/apache/maven/doxia/doxia-module-fml/1.2/doxia-module-fml-1.2.pom (6 KB at 101.7 KB/sec)
[INFO] Downloading: http://kinshipsoftware.github.io/VersionControlCheck/commons-io/commons-io/1.4/commons-io-1.4.pom
[INFO] Downloading: https://repo.maven.apache.org/maven2/commons-io/commons-io/1.4/commons-io-1.4.pom
[INFO] Downloaded: https://repo.maven.apache.org/maven2/commons-io/commons-io/1.4/commons-io-1.4.pom (13 KB at 229.6 KB/sec)
[INFO] Downloading: http://kinshipsoftware.github.io/VersionControlCheck/org/apache/commons/commons-parent/7/commons-parent-7.pom
[INFO] Downloading: https://repo.maven.apache.org/maven2/org/apache/commons/commons-parent/7/commons-parent-7.pom
[INFO] Downloaded: https://repo.maven.apache.org/maven2/org/apache/commons/commons-parent/7/commons-parent-7.pom (18 KB at 356.0 KB/sec)
[INFO] Downloading: http://kinshipsoftware.github.io/VersionControlCheck/org/apache/maven/doxia/doxia-sink-api/1.4/doxia-sink-api-1.4.pom
[INFO] Downloading: https://repo.maven.apache.org/maven2/org/apache/maven/doxia/doxia-sink-api/1.4/doxia-sink-api-1.4.pom
[INFO] Downloaded: https://repo.maven.apache.org/maven2/org/apache/maven/doxia/doxia-sink-api/1.4/doxia-sink-api-1.4.pom (2 KB at 36.5 KB/sec)
[INFO] Downloading: http://kinshipsoftware.github.io/VersionControlCheck/org/apache/maven/doxia/doxia/1.4/doxia-1.4.pom
[INFO] Downloading: https://repo.maven.apache.org/maven2/org/apache/maven/doxia/doxia/1.4/doxia-1.4.pom
[INFO] Downloaded: https://repo.maven.apache.org/maven2/org/apache/maven/doxia/doxia/1.4/doxia-1.4.pom (18 KB at 381.2 KB/sec)
[INFO] Downloading: http://kinshipsoftware.github.io/VersionControlCheck/org/apache/maven/doxia/doxia-logging-api/1.4/doxia-logging-api-1.4.pom
[INFO] Downloading: https://repo.maven.apache.org/maven2/org/apache/maven/doxia/doxia-logging-api/1.4/doxia-logging-api-1.4.pom
[INFO] Downloaded: https://repo.maven.apache.org/maven2/org/apache/maven/doxia/doxia-logging-api/1.4/doxia-logging-api-1.4.pom (2 KB at 30.6 KB/sec)
[INFO] Downloading: http://kinshipsoftware.github.io/VersionControlCheck/org/apache/maven/doxia/doxia-site-renderer/1.4/doxia-site-renderer-1.4.pom
[INFO] Downloading: https://repo.maven.apache.org/maven2/org/apache/maven/doxia/doxia-site-renderer/1.4/doxia-site-renderer-1.4.pom
[INFO] Downloaded: https://repo.maven.apache.org/maven2/org/apache/maven/doxia/doxia-site-renderer/1.4/doxia-site-renderer-1.4.pom (6 KB at 79.6 KB/sec)
[INFO] Downloading: http://kinshipsoftware.github.io/VersionControlCheck/org/apache/maven/doxia/doxia-sitetools/1.4/doxia-sitetools-1.4.pom
[INFO] Downloading: https://repo.maven.apache.org/maven2/org/apache/maven/doxia/doxia-sitetools/1.4/doxia-sitetools-1.4.pom
[INFO] Downloaded: https://repo.maven.apache.org/maven2/org/apache/maven/doxia/doxia-sitetools/1.4/doxia-sitetools-1.4.pom (17 KB at 310.4 KB/sec)
[INFO] Downloading: http://kinshipsoftware.github.io/VersionControlCheck/org/apache/maven/doxia/doxia-core/1.4/doxia-core-1.4.pom
[INFO] Downloading: https://repo.maven.apache.org/maven2/org/apache/maven/doxia/doxia-core/1.4/doxia-core-1.4.pom
[INFO] Downloaded: https://repo.maven.apache.org/maven2/org/apache/maven/doxia/doxia-core/1.4/doxia-core-1.4.pom (4 KB at 82.7 KB/sec)
[INFO] Downloading: http://kinshipsoftware.github.io/VersionControlCheck/org/apache/maven/doxia/doxia-decoration-model/1.4/doxia-decoration-model-1.4.pom
[INFO] Downloading: https://repo.maven.apache.org/maven2/org/apache/maven/doxia/doxia-decoration-model/1.4/doxia-decoration-model-1.4.pom
[INFO] Downloaded: https://repo.maven.apache.org/maven2/org/apache/maven/doxia/doxia-decoration-model/1.4/doxia-decoration-model-1.4.pom (3 KB at 58.0 KB/sec)
[INFO] Downloading: http://kinshipsoftware.github.io/VersionControlCheck/org/apache/maven/doxia/doxia-module-xhtml/1.4/doxia-module-xhtml-1.4.pom
[INFO] Downloading: https://repo.maven.apache.org/maven2/org/apache/maven/doxia/doxia-module-xhtml/1.4/doxia-module-xhtml-1.4.pom
[INFO] Downloaded: https://repo.maven.apache.org/maven2/org/apache/maven/doxia/doxia-module-xhtml/1.4/doxia-module-xhtml-1.4.pom (2 KB at 35.4 KB/sec)
[INFO] Downloading: http://kinshipsoftware.github.io/VersionControlCheck/org/apache/maven/doxia/doxia-modules/1.4/doxia-modules-1.4.pom
[INFO] Downloading: https://repo.maven.apache.org/maven2/org/apache/maven/doxia/doxia-modules/1.4/doxia-modules-1.4.pom
[INFO] Downloaded: https://repo.maven.apache.org/maven2/org/apache/maven/doxia/doxia-modules/1.4/doxia-modules-1.4.pom (3 KB at 55.7 KB/sec)
[INFO] Downloading: http://kinshipsoftware.github.io/VersionControlCheck/org/apache/maven/doxia/doxia-module-fml/1.4/doxia-module-fml-1.4.pom
[INFO] Downloading: https://repo.maven.apache.org/maven2/org/apache/maven/doxia/doxia-module-fml/1.4/doxia-module-fml-1.4.pom
[INFO] Downloaded: https://repo.maven.apache.org/maven2/org/apache/maven/doxia/doxia-module-fml/1.4/doxia-module-fml-1.4.pom (5 KB at 106.6 KB/sec)
[INFO] Downloading: http://kinshipsoftware.github.io/VersionControlCheck/org/apache/maven/shared/file-management/1.2.1/file-management-1.2.1.pom
[INFO] Downloading: https://repo.maven.apache.org/maven2/org/apache/maven/shared/file-management/1.2.1/file-management-1.2.1.pom
[INFO] Downloaded: https://repo.maven.apache.org/maven2/org/apache/maven/shared/file-management/1.2.1/file-management-1.2.1.pom (4 KB at 90.3 KB/sec)
[INFO] Downloading: http://kinshipsoftware.github.io/VersionControlCheck/org/apache/maven/shared/maven-shared-components/10/maven-shared-components-10.pom
[INFO] Downloading: https://repo.maven.apache.org/maven2/org/apache/maven/shared/maven-shared-components/10/maven-shared-components-10.pom
[INFO] Downloaded: https://repo.maven.apache.org/maven2/org/apache/maven/shared/maven-shared-components/10/maven-shared-components-10.pom (9 KB at 175.2 KB/sec)
[INFO] Downloading: http://kinshipsoftware.github.io/VersionControlCheck/org/codehaus/plexus/plexus-utils/1.5.6/plexus-utils-1.5.6.pom
[INFO] Downloading: https://repo.maven.apache.org/maven2/org/codehaus/plexus/plexus-utils/1.5.6/plexus-utils-1.5.6.pom
[INFO] Downloaded: https://repo.maven.apache.org/maven2/org/codehaus/plexus/plexus-utils/1.5.6/plexus-utils-1.5.6.pom (6 KB at 117.7 KB/sec)
[INFO] Downloading: http://kinshipsoftware.github.io/VersionControlCheck/org/codehaus/plexus/plexus/1.0.12/plexus-1.0.12.pom
[INFO] Downloading: https://repo.maven.apache.org/maven2/org/codehaus/plexus/plexus/1.0.12/plexus-1.0.12.pom
[INFO] Downloaded: https://repo.maven.apache.org/maven2/org/codehaus/plexus/plexus/1.0.12/plexus-1.0.12.pom (10 KB at 136.7 KB/sec)
[INFO] Downloading: http://kinshipsoftware.github.io/VersionControlCheck/org/apache/maven/shared/maven-dependency-analyzer/1.6/maven-dependency-analyzer-1.6.pom
[INFO] Downloading: https://repo.maven.apache.org/maven2/org/apache/maven/shared/maven-dependency-analyzer/1.6/maven-dependency-analyzer-1.6.pom
[INFO] Downloaded: https://repo.maven.apache.org/maven2/org/apache/maven/shared/maven-dependency-analyzer/1.6/maven-dependency-analyzer-1.6.pom (6 KB at 120.9 KB/sec)
[INFO] Downloading: http://kinshipsoftware.github.io/VersionControlCheck/org/ow2/asm/asm/5.0.2/asm-5.0.2.pom
[INFO] Downloading: https://repo.maven.apache.org/maven2/org/ow2/asm/asm/5.0.2/asm-5.0.2.pom
[INFO] Downloaded: https://repo.maven.apache.org/maven2/org/ow2/asm/asm/5.0.2/asm-5.0.2.pom (2 KB at 46.1 KB/sec)
[INFO] Downloading: http://kinshipsoftware.github.io/VersionControlCheck/org/ow2/asm/asm-parent/5.0.2/asm-parent-5.0.2.pom
[INFO] Downloading: https://repo.maven.apache.org/maven2/org/ow2/asm/asm-parent/5.0.2/asm-parent-5.0.2.pom
[INFO] Downloaded: https://repo.maven.apache.org/maven2/org/ow2/asm/asm-parent/5.0.2/asm-parent-5.0.2.pom (6 KB at 127.8 KB/sec)
[INFO] Downloading: http://kinshipsoftware.github.io/VersionControlCheck/org/codehaus/plexus/plexus-utils/1.5.1/plexus-utils-1.5.1.pom
[INFO] Downloading: https://repo.maven.apache.org/maven2/org/codehaus/plexus/plexus-utils/1.5.1/plexus-utils-1.5.1.pom
[INFO] Downloaded: https://repo.maven.apache.org/maven2/org/codehaus/plexus/plexus-utils/1.5.1/plexus-utils-1.5.1.pom (3 KB at 53.4 KB/sec)
[INFO] Downloading: http://kinshipsoftware.github.io/VersionControlCheck/org/apache/maven/maven-project/2.0.5/maven-project-2.0.5.pom
[INFO] Downloading: https://repo.maven.apache.org/maven2/org/apache/maven/maven-project/2.0.5/maven-project-2.0.5.pom
[INFO] Downloaded: https://repo.maven.apache.org/maven2/org/apache/maven/maven-project/2.0.5/maven-project-2.0.5.pom (2 KB at 41.8 KB/sec)
[INFO] Downloading: http://kinshipsoftware.github.io/VersionControlCheck/org/apache/maven/maven/2.0.5/maven-2.0.5.pom
[INFO] Downloading: https://repo.maven.apache.org/maven2/org/apache/maven/maven/2.0.5/maven-2.0.5.pom
[INFO] Downloaded: https://repo.maven.apache.org/maven2/org/apache/maven/maven/2.0.5/maven-2.0.5.pom (6 KB at 97.7 KB/sec)
[INFO] Downloading: http://kinshipsoftware.github.io/VersionControlCheck/org/apache/maven/maven-settings/2.0.5/maven-settings-2.0.5.pom
[INFO] Downloading: https://repo.maven.apache.org/maven2/org/apache/maven/maven-settings/2.0.5/maven-settings-2.0.5.pom
[INFO] Downloaded: https://repo.maven.apache.org/maven2/org/apache/maven/maven-settings/2.0.5/maven-settings-2.0.5.pom (2 KB at 25.6 KB/sec)
[INFO] Downloading: http://kinshipsoftware.github.io/VersionControlCheck/org/apache/maven/maven-model/2.0.5/maven-model-2.0.5.pom
[INFO] Downloading: https://repo.maven.apache.org/maven2/org/apache/maven/maven-model/2.0.5/maven-model-2.0.5.pom
[INFO] Downloaded: https://repo.maven.apache.org/maven2/org/apache/maven/maven-model/2.0.5/maven-model-2.0.5.pom (3 KB at 64.8 KB/sec)
[INFO] Downloading: http://kinshipsoftware.github.io/VersionControlCheck/org/apache/maven/maven-profile/2.0.5/maven-profile-2.0.5.pom
[INFO] Downloading: https://repo.maven.apache.org/maven2/org/apache/maven/maven-profile/2.0.5/maven-profile-2.0.5.pom
[INFO] Downloaded: https://repo.maven.apache.org/maven2/org/apache/maven/maven-profile/2.0.5/maven-profile-2.0.5.pom (2 KB at 36.7 KB/sec)
[INFO] Downloading: http://kinshipsoftware.github.io/VersionControlCheck/org/apache/maven/maven-artifact-manager/2.0.5/maven-artifact-manager-2.0.5.pom
[INFO] Downloading: https://repo.maven.apache.org/maven2/org/apache/maven/maven-artifact-manager/2.0.5/maven-artifact-manager-2.0.5.pom
[INFO] Downloaded: https://repo.maven.apache.org/maven2/org/apache/maven/maven-artifact-manager/2.0.5/maven-artifact-manager-2.0.5.pom (2 KB at 41.7 KB/sec)
[INFO] Downloading: http://kinshipsoftware.github.io/VersionControlCheck/org/apache/maven/maven-repository-metadata/2.0.5/maven-repository-metadata-2.0.5.pom
[INFO] Downloading: https://repo.maven.apache.org/maven2/org/apache/maven/maven-repository-metadata/2.0.5/maven-repository-metadata-2.0.5.pom
[INFO] Downloaded: https://repo.maven.apache.org/maven2/org/apache/maven/maven-repository-metadata/2.0.5/maven-repository-metadata-2.0.5.pom (2 KB at 34.6 KB/sec)
[INFO] Downloading: http://kinshipsoftware.github.io/VersionControlCheck/org/apache/maven/maven-artifact/2.0.5/maven-artifact-2.0.5.pom
[INFO] Downloading: https://repo.maven.apache.org/maven2/org/apache/maven/maven-artifact/2.0.5/maven-artifact-2.0.5.pom
[INFO] Downloaded: https://repo.maven.apache.org/maven2/org/apache/maven/maven-artifact/2.0.5/maven-artifact-2.0.5.pom (727 B at 15.8 KB/sec)
[INFO] Downloading: http://kinshipsoftware.github.io/VersionControlCheck/org/apache/maven/shared/maven-dependency-tree/2.2/maven-dependency-tree-2.2.pom
[INFO] Downloading: https://repo.maven.apache.org/maven2/org/apache/maven/shared/maven-dependency-tree/2.2/maven-dependency-tree-2.2.pom
[INFO] Downloaded: https://repo.maven.apache.org/maven2/org/apache/maven/shared/maven-dependency-tree/2.2/maven-dependency-tree-2.2.pom (8 KB at 186.6 KB/sec)
[INFO] Downloading: http://kinshipsoftware.github.io/VersionControlCheck/org/eclipse/aether/aether-util/0.9.0.M2/aether-util-0.9.0.M2.pom
[INFO] Downloading: https://repo.maven.apache.org/maven2/org/eclipse/aether/aether-util/0.9.0.M2/aether-util-0.9.0.M2.pom
[INFO] Downloaded: https://repo.maven.apache.org/maven2/org/eclipse/aether/aether-util/0.9.0.M2/aether-util-0.9.0.M2.pom (2 KB at 39.0 KB/sec)
[INFO] Downloading: http://kinshipsoftware.github.io/VersionControlCheck/org/eclipse/aether/aether/0.9.0.M2/aether-0.9.0.M2.pom
[INFO] Downloading: https://repo.maven.apache.org/maven2/org/eclipse/aether/aether/0.9.0.M2/aether-0.9.0.M2.pom
[INFO] Downloaded: https://repo.maven.apache.org/maven2/org/eclipse/aether/aether/0.9.0.M2/aether-0.9.0.M2.pom (28 KB at 632.9 KB/sec)
[INFO] Downloading: http://kinshipsoftware.github.io/VersionControlCheck/org/apache/maven/shared/maven-invoker/2.1.1/maven-invoker-2.1.1.pom
[INFO] Downloading: https://repo.maven.apache.org/maven2/org/apache/maven/shared/maven-invoker/2.1.1/maven-invoker-2.1.1.pom
[INFO] Downloaded: https://repo.maven.apache.org/maven2/org/apache/maven/shared/maven-invoker/2.1.1/maven-invoker-2.1.1.pom (6 KB at 129.4 KB/sec)
[INFO] Downloading: http://kinshipsoftware.github.io/VersionControlCheck/org/apache/maven/reporting/maven-reporting-impl/2.2/maven-reporting-impl-2.2.jar
[INFO] Downloading: http://kinshipsoftware.github.io/VersionControlCheck/org/apache/maven/doxia/doxia-core/1.2/doxia-core-1.2.jar
[INFO] Downloading: http://kinshipsoftware.github.io/VersionControlCheck/commons-validator/commons-validator/1.3.1/commons-validator-1.3.1.jar
[INFO] Downloading: http://kinshipsoftware.github.io/VersionControlCheck/commons-logging/commons-logging/1.0.4/commons-logging-1.0.4.jar
[INFO] Downloading: http://kinshipsoftware.github.io/VersionControlCheck/commons-io/commons-io/1.4/commons-io-1.4.jar
[INFO] Downloading: http://kinshipsoftware.github.io/VersionControlCheck/org/apache/maven/doxia/doxia-sink-api/1.4/doxia-sink-api-1.4.jar
[INFO] Downloading: http://kinshipsoftware.github.io/VersionControlCheck/org/apache/maven/doxia/doxia-logging-api/1.4/doxia-logging-api-1.4.jar
[INFO] Downloading: http://kinshipsoftware.github.io/VersionControlCheck/org/apache/maven/doxia/doxia-site-renderer/1.4/doxia-site-renderer-1.4.jar
[INFO] Downloading: http://kinshipsoftware.github.io/VersionControlCheck/org/apache/maven/doxia/doxia-decoration-model/1.4/doxia-decoration-model-1.4.jar
[INFO] Downloading: http://kinshipsoftware.github.io/VersionControlCheck/org/apache/maven/doxia/doxia-module-xhtml/1.4/doxia-module-xhtml-1.4.jar
[INFO] Downloading: http://kinshipsoftware.github.io/VersionControlCheck/org/apache/maven/doxia/doxia-module-fml/1.4/doxia-module-fml-1.4.jar
[INFO] Downloading: http://kinshipsoftware.github.io/VersionControlCheck/org/apache/maven/shared/file-management/1.2.1/file-management-1.2.1.jar
[INFO] Downloading: http://kinshipsoftware.github.io/VersionControlCheck/org/apache/maven/shared/maven-dependency-analyzer/1.6/maven-dependency-analyzer-1.6.jar
[INFO] Downloading: http://kinshipsoftware.github.io/VersionControlCheck/org/ow2/asm/asm/5.0.2/asm-5.0.2.jar
[INFO] Downloading: http://kinshipsoftware.github.io/VersionControlCheck/org/apache/maven/shared/maven-dependency-tree/2.2/maven-dependency-tree-2.2.jar
[INFO] Downloading: http://kinshipsoftware.github.io/VersionControlCheck/org/eclipse/aether/aether-util/0.9.0.M2/aether-util-0.9.0.M2.jar
[INFO] Downloading: http://kinshipsoftware.github.io/VersionControlCheck/org/apache/maven/shared/maven-invoker/2.1.1/maven-invoker-2.1.1.jar
[INFO] Downloading: https://repo.maven.apache.org/maven2/org/apache/maven/reporting/maven-reporting-impl/2.2/maven-reporting-impl-2.2.jar
[INFO] Downloading: https://repo.maven.apache.org/maven2/org/apache/maven/doxia/doxia-core/1.2/doxia-core-1.2.jar
[INFO] Downloading: https://repo.maven.apache.org/maven2/commons-validator/commons-validator/1.3.1/commons-validator-1.3.1.jar
[INFO] Downloading: https://repo.maven.apache.org/maven2/commons-logging/commons-logging/1.0.4/commons-logging-1.0.4.jar
[INFO] Downloading: https://repo.maven.apache.org/maven2/commons-io/commons-io/1.4/commons-io-1.4.jar
[INFO] Downloaded: https://repo.maven.apache.org/maven2/org/apache/maven/reporting/maven-reporting-impl/2.2/maven-reporting-impl-2.2.jar (17 KB at 216.7 KB/sec)
[INFO] Downloading: https://repo.maven.apache.org/maven2/org/apache/maven/doxia/doxia-sink-api/1.4/doxia-sink-api-1.4.jar
[INFO] Downloaded: https://repo.maven.apache.org/maven2/org/apache/maven/doxia/doxia-core/1.2/doxia-core-1.2.jar (151 KB at 1308.8 KB/sec)
[INFO] Downloading: https://repo.maven.apache.org/maven2/org/apache/maven/doxia/doxia-logging-api/1.4/doxia-logging-api-1.4.jar
[INFO] Downloaded: https://repo.maven.apache.org/maven2/commons-validator/commons-validator/1.3.1/commons-validator-1.3.1.jar (136 KB at 1169.8 KB/sec)
[INFO] Downloading: https://repo.maven.apache.org/maven2/org/apache/maven/doxia/doxia-site-renderer/1.4/doxia-site-renderer-1.4.jar
[INFO] Downloaded: https://repo.maven.apache.org/maven2/commons-logging/commons-logging/1.0.4/commons-logging-1.0.4.jar (38 KB at 317.3 KB/sec)
[INFO] Downloading: https://repo.maven.apache.org/maven2/org/apache/maven/doxia/doxia-decoration-model/1.4/doxia-decoration-model-1.4.jar
[INFO] Downloaded: https://repo.maven.apache.org/maven2/org/apache/maven/doxia/doxia-sink-api/1.4/doxia-sink-api-1.4.jar (11 KB at 86.2 KB/sec)
[INFO] Downloading: https://repo.maven.apache.org/maven2/org/apache/maven/doxia/doxia-module-xhtml/1.4/doxia-module-xhtml-1.4.jar
[INFO] Downloaded: https://repo.maven.apache.org/maven2/commons-io/commons-io/1.4/commons-io-1.4.jar (107 KB at 669.7 KB/sec)
[INFO] Downloading: https://repo.maven.apache.org/maven2/org/apache/maven/doxia/doxia-module-fml/1.4/doxia-module-fml-1.4.jar
[INFO] Downloaded: https://repo.maven.apache.org/maven2/org/apache/maven/doxia/doxia-logging-api/1.4/doxia-logging-api-1.4.jar (12 KB at 65.7 KB/sec)
[INFO] Downloading: https://repo.maven.apache.org/maven2/org/apache/maven/shared/file-management/1.2.1/file-management-1.2.1.jar
[INFO] Downloaded: https://repo.maven.apache.org/maven2/org/apache/maven/doxia/doxia-site-renderer/1.4/doxia-site-renderer-1.4.jar (52 KB at 306.7 KB/sec)
[INFO] Downloading: https://repo.maven.apache.org/maven2/org/apache/maven/shared/maven-dependency-analyzer/1.6/maven-dependency-analyzer-1.6.jar
[INFO] Downloaded: https://repo.maven.apache.org/maven2/org/apache/maven/doxia/doxia-decoration-model/1.4/doxia-decoration-model-1.4.jar (60 KB at 351.9 KB/sec)
[INFO] Downloading: https://repo.maven.apache.org/maven2/org/ow2/asm/asm/5.0.2/asm-5.0.2.jar
[INFO] Downloaded: https://repo.maven.apache.org/maven2/org/apache/maven/doxia/doxia-module-xhtml/1.4/doxia-module-xhtml-1.4.jar (16 KB at 84.9 KB/sec)
[INFO] Downloading: https://repo.maven.apache.org/maven2/org/apache/maven/shared/maven-dependency-tree/2.2/maven-dependency-tree-2.2.jar
[INFO] Downloaded: https://repo.maven.apache.org/maven2/org/apache/maven/doxia/doxia-module-fml/1.4/doxia-module-fml-1.4.jar (37 KB at 175.9 KB/sec)
[INFO] Downloading: https://repo.maven.apache.org/maven2/org/eclipse/aether/aether-util/0.9.0.M2/aether-util-0.9.0.M2.jar
[INFO] Downloaded: https://repo.maven.apache.org/maven2/org/apache/maven/shared/file-management/1.2.1/file-management-1.2.1.jar (37 KB at 167.6 KB/sec)
[INFO] Downloading: https://repo.maven.apache.org/maven2/org/apache/maven/shared/maven-invoker/2.1.1/maven-invoker-2.1.1.jar
[INFO] Downloaded: https://repo.maven.apache.org/maven2/org/ow2/asm/asm/5.0.2/asm-5.0.2.jar (52 KB at 236.3 KB/sec)
[INFO] Downloaded: https://repo.maven.apache.org/maven2/org/apache/maven/shared/maven-dependency-analyzer/1.6/maven-dependency-analyzer-1.6.jar (31 KB at 137.4 KB/sec)
[INFO] Downloaded: https://repo.maven.apache.org/maven2/org/apache/maven/shared/maven-dependency-tree/2.2/maven-dependency-tree-2.2.jar (63 KB at 275.9 KB/sec)
[INFO] Downloaded: https://repo.maven.apache.org/maven2/org/apache/maven/shared/maven-invoker/2.1.1/maven-invoker-2.1.1.jar (30 KB at 109.2 KB/sec)
[INFO] Downloaded: https://repo.maven.apache.org/maven2/org/eclipse/aether/aether-util/0.9.0.M2/aether-util-0.9.0.M2.jar (131 KB at 476.1 KB/sec)
[INFO] Wrote classpath file '/pfs/proj/nobackup/fs/projnb01/snic2020-10-10/dginelli/repairnator-workspace/repairnator-repairnator-experiments-MPI-ExperimentGroup-ExperimentTemplate-384776966-20180528-170150-firstCommit/AdaptiveVocabularyAssessmentModule/classpath.info'.
[INFO] ------------------------------------------------------------------------
[INFO] BUILD SUCCESS
[INFO] ------------------------------------------------------------------------
[INFO] Total time: 22.674 s
[INFO] Finished at: 2020-06-27T18:20:45+02:00
[INFO] Final Memory: 23M/67M
[INFO] ------------------------------------------------------------------------
